[2017-06-23 10:16:25][INFO ][restartedMain][org.springframework.boot.StartupInfoLogger.logStarting:48]:Starting HappyPartyBackstageApplication on DESKTOP-5IH8VGC with PID 6108 (H:\java\web\happypartybackstage\target\classes started by aixp in H:\java\web\happypartybackstage)
[2017-06-23 10:16:25][INFO ][restartedMain][org.springframework.boot.SpringApplication.logStartupProfileInfo:659]:No active profile set, falling back to default profiles: default
[2017-06-23 10:16:34][INFO ][restartedMain][org.springframework.boot.StartupInfoLogger.logStarted:57]:Started HappyPartyBackstageApplication in 10.477 seconds (JVM running for 11.397)
[2017-06-23 10:16:40][INFO ][http-nio-8090-exec-2][com.party.security.MyAdminDetailsService.loadUserByUsername:37]:account:fage------------------
[2017-06-23 10:17:10][INFO ][http-nio-8090-exec-4][com.party.security.MyAdminDetailsService.loadUserByUsername:37]:account:fage------------------
[2017-06-23 10:17:10][DEBUG][http-nio-8090-exec-4][org.apache.ibatis.logging.jdbc.BaseJdbcLogger.debug:145]:==>  Preparing: SELECT a.*,r.* FROM admin a LEFT JOIN admin_role ar ON a.aid=ar.admin_id LEFT JOIN role r ON r.roid=ar.role_id WHERE account=? 
[2017-06-23 10:17:10][DEBUG][http-nio-8090-exec-4][org.apache.ibatis.logging.jdbc.BaseJdbcLogger.debug:145]:==> Parameters: fage(String)
[2017-06-23 10:17:10][DEBUG][http-nio-8090-exec-4][org.apache.ibatis.logging.jdbc.BaseJdbcLogger.debug:145]:<==      Total: 1
[2017-06-23 10:17:10][INFO ][http-nio-8090-exec-4][com.party.security.MyAdminDetailsService.loadUserByUsername:41]:accountfage|password123
[2017-06-23 10:17:10][INFO ][http-nio-8090-exec-4][com.party.security.MyAdminDetailsService.loadUserByUsername:37]:account:fage------------------
[2017-06-23 10:17:10][DEBUG][http-nio-8090-exec-4][org.apache.ibatis.logging.jdbc.BaseJdbcLogger.debug:145]:==>  Preparing: SELECT a.*,r.* FROM admin a LEFT JOIN admin_role ar ON a.aid=ar.admin_id LEFT JOIN role r ON r.roid=ar.role_id WHERE account=? 
[2017-06-23 10:17:10][DEBUG][http-nio-8090-exec-4][org.apache.ibatis.logging.jdbc.BaseJdbcLogger.debug:145]:==> Parameters: fage(String)
[2017-06-23 10:17:10][DEBUG][http-nio-8090-exec-4][org.apache.ibatis.logging.jdbc.BaseJdbcLogger.debug:145]:<==      Total: 1
[2017-06-23 10:17:10][INFO ][http-nio-8090-exec-4][com.party.security.MyAdminDetailsService.loadUserByUsername:41]:accountfage|password123
[2017-06-23 10:17:10][INFO ][http-nio-8090-exec-4][com.party.security.SuccessHandler.onAuthenticationSuccess:62]:Redirecting to DefaultSavedRequest Url: http://localhost:8090/admin/site
[2017-06-23 10:17:15][DEBUG][http-nio-8090-exec-10][org.apache.ibatis.logging.jdbc.BaseJdbcLogger.debug:145]:==>  Preparing: SELECT COUNT(*) FROM serve WHERE type=? 
[2017-06-23 10:17:15][DEBUG][http-nio-8090-exec-10][org.apache.ibatis.logging.jdbc.BaseJdbcLogger.debug:145]:==> Parameters: 餐饮服务(String)
[2017-06-23 10:17:15][DEBUG][http-nio-8090-exec-10][org.apache.ibatis.logging.jdbc.BaseJdbcLogger.debug:145]:<==      Total: 1
[2017-06-23 10:17:15][DEBUG][http-nio-8090-exec-10][org.apache.ibatis.logging.jdbc.BaseJdbcLogger.debug:145]:==>  Preparing: SELECT s.*,i.*,sc.* FROM serve s LEFT JOIN img i ON (i.product_type='二级服务' AND i.product_id=s.sid) JOIN ser_category sc ON sc.scid=s.ser_category_id WHERE s.type=? ORDER BY sequence DESC LIMIT ?,? 
[2017-06-23 10:17:15][DEBUG][http-nio-8090-exec-10][org.apache.ibatis.logging.jdbc.BaseJdbcLogger.debug:145]:==> Parameters: 餐饮服务(String), 0(Integer), 5(Integer)
[2017-06-23 10:17:15][DEBUG][http-nio-8090-exec-10][org.apache.ibatis.logging.jdbc.BaseJdbcLogger.debug:145]:<==      Total: 5
[2017-06-23 10:17:15][DEBUG][http-nio-8090-exec-2][org.apache.ibatis.logging.jdbc.BaseJdbcLogger.debug:145]:==>  Preparing: SELECT COUNT(*) FROM serve WHERE type=? 
[2017-06-23 10:17:15][DEBUG][http-nio-8090-exec-2][org.apache.ibatis.logging.jdbc.BaseJdbcLogger.debug:145]:==> Parameters: 餐饮服务(String)
[2017-06-23 10:17:15][DEBUG][http-nio-8090-exec-2][org.apache.ibatis.logging.jdbc.BaseJdbcLogger.debug:145]:<==      Total: 1
[2017-06-23 10:17:15][DEBUG][http-nio-8090-exec-2][org.apache.ibatis.logging.jdbc.BaseJdbcLogger.debug:145]:==>  Preparing: SELECT s.*,i.*,sc.* FROM serve s LEFT JOIN img i ON (i.product_type='二级服务' AND i.product_id=s.sid) JOIN ser_category sc ON sc.scid=s.ser_category_id WHERE s.type=? ORDER BY sequence DESC LIMIT ?,? 
[2017-06-23 10:17:15][DEBUG][http-nio-8090-exec-2][org.apache.ibatis.logging.jdbc.BaseJdbcLogger.debug:145]:==> Parameters: 餐饮服务(String), 0(Integer), 5(Integer)
[2017-06-23 10:17:15][DEBUG][http-nio-8090-exec-2][org.apache.ibatis.logging.jdbc.BaseJdbcLogger.debug:145]:<==      Total: 5
[2017-06-23 10:17:17][DEBUG][http-nio-8090-exec-8][org.apache.ibatis.logging.jdbc.BaseJdbcLogger.debug:145]:==>  Preparing: SELECT COUNT(*) FROM serve WHERE type=? 
[2017-06-23 10:17:17][DEBUG][http-nio-8090-exec-8][org.apache.ibatis.logging.jdbc.BaseJdbcLogger.debug:145]:==> Parameters: 达人服务(String)
[2017-06-23 10:17:17][DEBUG][http-nio-8090-exec-8][org.apache.ibatis.logging.jdbc.BaseJdbcLogger.debug:145]:<==      Total: 1
[2017-06-23 10:17:17][DEBUG][http-nio-8090-exec-8][org.apache.ibatis.logging.jdbc.BaseJdbcLogger.debug:145]:==>  Preparing: SELECT s.*,i.*,sc.* FROM serve s LEFT JOIN img i ON (i.product_type='二级服务' AND i.product_id=s.sid) JOIN ser_category sc ON sc.scid=s.ser_category_id WHERE s.type=? ORDER BY sequence DESC LIMIT ?,? 
[2017-06-23 10:17:17][DEBUG][http-nio-8090-exec-8][org.apache.ibatis.logging.jdbc.BaseJdbcLogger.debug:145]:==> Parameters: 达人服务(String), 0(Integer), 5(Integer)
[2017-06-23 10:17:17][DEBUG][http-nio-8090-exec-8][org.apache.ibatis.logging.jdbc.BaseJdbcLogger.debug:145]:<==      Total: 5
[2017-06-23 10:17:17][DEBUG][http-nio-8090-exec-3][org.apache.ibatis.logging.jdbc.BaseJdbcLogger.debug:145]:==>  Preparing: SELECT COUNT(*) FROM serve WHERE type=? 
[2017-06-23 10:17:17][DEBUG][http-nio-8090-exec-3][org.apache.ibatis.logging.jdbc.BaseJdbcLogger.debug:145]:==> Parameters: 达人服务(String)
[2017-06-23 10:17:17][DEBUG][http-nio-8090-exec-3][org.apache.ibatis.logging.jdbc.BaseJdbcLogger.debug:145]:<==      Total: 1
[2017-06-23 10:17:17][DEBUG][http-nio-8090-exec-3][org.apache.ibatis.logging.jdbc.BaseJdbcLogger.debug:145]:==>  Preparing: SELECT s.*,i.*,sc.* FROM serve s LEFT JOIN img i ON (i.product_type='二级服务' AND i.product_id=s.sid) JOIN ser_category sc ON sc.scid=s.ser_category_id WHERE s.type=? ORDER BY sequence DESC LIMIT ?,? 
[2017-06-23 10:17:17][DEBUG][http-nio-8090-exec-3][org.apache.ibatis.logging.jdbc.BaseJdbcLogger.debug:145]:==> Parameters: 达人服务(String), 0(Integer), 5(Integer)
[2017-06-23 10:17:17][DEBUG][http-nio-8090-exec-3][org.apache.ibatis.logging.jdbc.BaseJdbcLogger.debug:145]:<==      Total: 5
[2017-06-23 10:17:19][DEBUG][http-nio-8090-exec-9][org.apache.ibatis.logging.jdbc.BaseJdbcLogger.debug:145]:==>  Preparing: SELECT COUNT(*) FROM serve WHERE type=? 
[2017-06-23 10:17:19][DEBUG][http-nio-8090-exec-9][org.apache.ibatis.logging.jdbc.BaseJdbcLogger.debug:145]:==> Parameters: 包车服务(String)
[2017-06-23 10:17:19][DEBUG][http-nio-8090-exec-9][org.apache.ibatis.logging.jdbc.BaseJdbcLogger.debug:145]:<==      Total: 1
[2017-06-23 10:17:19][DEBUG][http-nio-8090-exec-9][org.apache.ibatis.logging.jdbc.BaseJdbcLogger.debug:145]:==>  Preparing: SELECT s.*,i.*,sc.* FROM serve s LEFT JOIN img i ON (i.product_type='二级服务' AND i.product_id=s.sid) JOIN ser_category sc ON sc.scid=s.ser_category_id WHERE s.type=? ORDER BY sequence DESC LIMIT ?,? 
[2017-06-23 10:17:19][DEBUG][http-nio-8090-exec-9][org.apache.ibatis.logging.jdbc.BaseJdbcLogger.debug:145]:==> Parameters: 包车服务(String), 0(Integer), 5(Integer)
[2017-06-23 10:17:19][DEBUG][http-nio-8090-exec-9][org.apache.ibatis.logging.jdbc.BaseJdbcLogger.debug:145]:<==      Total: 1
[2017-06-23 10:17:19][DEBUG][http-nio-8090-exec-4][org.apache.ibatis.logging.jdbc.BaseJdbcLogger.debug:145]:==>  Preparing: SELECT COUNT(*) FROM serve WHERE type=? 
[2017-06-23 10:17:19][DEBUG][http-nio-8090-exec-4][org.apache.ibatis.logging.jdbc.BaseJdbcLogger.debug:145]:==> Parameters: 包车服务(String)
[2017-06-23 10:17:19][DEBUG][http-nio-8090-exec-4][org.apache.ibatis.logging.jdbc.BaseJdbcLogger.debug:145]:<==      Total: 1
[2017-06-23 10:17:19][DEBUG][http-nio-8090-exec-4][org.apache.ibatis.logging.jdbc.BaseJdbcLogger.debug:145]:==>  Preparing: SELECT s.*,i.*,sc.* FROM serve s LEFT JOIN img i ON (i.product_type='二级服务' AND i.product_id=s.sid) JOIN ser_category sc ON sc.scid=s.ser_category_id WHERE s.type=? ORDER BY sequence DESC LIMIT ?,? 
[2017-06-23 10:17:19][DEBUG][http-nio-8090-exec-4][org.apache.ibatis.logging.jdbc.BaseJdbcLogger.debug:145]:==> Parameters: 包车服务(String), 0(Integer), 5(Integer)
[2017-06-23 10:17:19][DEBUG][http-nio-8090-exec-4][org.apache.ibatis.logging.jdbc.BaseJdbcLogger.debug:145]:<==      Total: 1
[2017-06-23 10:19:10][INFO ][restartedMain][org.springframework.boot.StartupInfoLogger.logStarting:48]:Starting HappyPartyBackstageApplication on DESKTOP-5IH8VGC with PID 6108 (H:\java\web\happypartybackstage\target\classes started by aixp in H:\java\web\happypartybackstage)
[2017-06-23 10:19:10][INFO ][restartedMain][org.springframework.boot.SpringApplication.logStartupProfileInfo:659]:No active profile set, falling back to default profiles: default
[2017-06-23 10:19:13][INFO ][restartedMain][org.springframework.boot.StartupInfoLogger.logStarted:57]:Started HappyPartyBackstageApplication in 3.714 seconds (JVM running for 170.123)
[2017-06-23 10:24:47][INFO ][restartedMain][org.springframework.boot.StartupInfoLogger.logStarting:48]:Starting HappyPartyBackstageApplication on DESKTOP-5IH8VGC with PID 6108 (H:\java\web\happypartybackstage\target\classes started by aixp in H:\java\web\happypartybackstage)
[2017-06-23 10:24:47][INFO ][restartedMain][org.springframework.boot.SpringApplication.logStartupProfileInfo:659]:No active profile set, falling back to default profiles: default
[2017-06-23 10:24:50][INFO ][restartedMain][org.springframework.boot.StartupInfoLogger.logStarted:57]:Started HappyPartyBackstageApplication in 3.431 seconds (JVM running for 507.0)
[2017-06-23 10:26:58][INFO ][restartedMain][org.springframework.boot.StartupInfoLogger.logStarting:48]:Starting HappyPartyBackstageApplication on DESKTOP-5IH8VGC with PID 6108 (H:\java\web\happypartybackstage\target\classes started by aixp in H:\java\web\happypartybackstage)
[2017-06-23 10:26:58][INFO ][restartedMain][org.springframework.boot.SpringApplication.logStartupProfileInfo:659]:No active profile set, falling back to default profiles: default
[2017-06-23 10:27:01][INFO ][restartedMain][org.springframework.boot.StartupInfoLogger.logStarted:57]:Started HappyPartyBackstageApplication in 2.619 seconds (JVM running for 637.85)
[2017-06-23 10:31:42][INFO ][restartedMain][org.springframework.boot.StartupInfoLogger.logStarting:48]:Starting HappyPartyBackstageApplication on DESKTOP-5IH8VGC with PID 6108 (H:\java\web\happypartybackstage\target\classes started by aixp in H:\java\web\happypartybackstage)
[2017-06-23 10:31:42][INFO ][restartedMain][org.springframework.boot.SpringApplication.logStartupProfileInfo:659]:No active profile set, falling back to default profiles: default
[2017-06-23 10:31:45][INFO ][restartedMain][org.springframework.boot.StartupInfoLogger.logStarted:57]:Started HappyPartyBackstageApplication in 2.539 seconds (JVM running for 921.948)
[2017-06-23 10:31:51][INFO ][restartedMain][org.springframework.boot.StartupInfoLogger.logStarting:48]:Starting HappyPartyBackstageApplication on DESKTOP-5IH8VGC with PID 6108 (H:\java\web\happypartybackstage\target\classes started by aixp in H:\java\web\happypartybackstage)
[2017-06-23 10:31:51][INFO ][restartedMain][org.springframework.boot.SpringApplication.logStartupProfileInfo:659]:No active profile set, falling back to default profiles: default
[2017-06-23 10:31:53][INFO ][restartedMain][org.springframework.boot.StartupInfoLogger.logStarted:57]:Started HappyPartyBackstageApplication in 2.205 seconds (JVM running for 930.07)
[2017-06-23 10:32:00][DEBUG][http-nio-8090-exec-7][org.apache.ibatis.logging.jdbc.BaseJdbcLogger.debug:145]:==>  Preparing: SELECT COUNT(*) FROM site 
[2017-06-23 10:32:00][DEBUG][http-nio-8090-exec-7][org.apache.ibatis.logging.jdbc.BaseJdbcLogger.debug:145]:==> Parameters: 
[2017-06-23 10:32:00][DEBUG][http-nio-8090-exec-7][org.apache.ibatis.logging.jdbc.BaseJdbcLogger.debug:145]:<==      Total: 1
[2017-06-23 10:32:00][DEBUG][http-nio-8090-exec-7][org.apache.ibatis.logging.jdbc.BaseJdbcLogger.debug:145]:==>  Preparing: SELECT s.*,i.* FROM site s LEFT JOIN img i ON (i.product_type='site' AND i.product_id=s.siid) ORDER BY sequence DESC LIMIT ?,? 
[2017-06-23 10:32:00][DEBUG][http-nio-8090-exec-7][org.apache.ibatis.logging.jdbc.BaseJdbcLogger.debug:145]:==> Parameters: 0(Integer), 10(Integer)
[2017-06-23 10:32:00][DEBUG][http-nio-8090-exec-7][org.apache.ibatis.logging.jdbc.BaseJdbcLogger.debug:145]:<==      Total: 10
[2017-06-23 10:32:00][DEBUG][http-nio-8090-exec-8][org.apache.ibatis.logging.jdbc.BaseJdbcLogger.debug:145]:==>  Preparing: SELECT COUNT(*) FROM site 
[2017-06-23 10:32:00][DEBUG][http-nio-8090-exec-8][org.apache.ibatis.logging.jdbc.BaseJdbcLogger.debug:145]:==> Parameters: 
[2017-06-23 10:32:00][DEBUG][http-nio-8090-exec-8][org.apache.ibatis.logging.jdbc.BaseJdbcLogger.debug:145]:<==      Total: 1
[2017-06-23 10:32:00][DEBUG][http-nio-8090-exec-8][org.apache.ibatis.logging.jdbc.BaseJdbcLogger.debug:145]:==>  Preparing: SELECT s.*,i.* FROM site s LEFT JOIN img i ON (i.product_type='site' AND i.product_id=s.siid) ORDER BY sequence DESC LIMIT ?,? 
[2017-06-23 10:32:00][DEBUG][http-nio-8090-exec-8][org.apache.ibatis.logging.jdbc.BaseJdbcLogger.debug:145]:==> Parameters: 0(Integer), 10(Integer)
[2017-06-23 10:32:00][DEBUG][http-nio-8090-exec-8][org.apache.ibatis.logging.jdbc.BaseJdbcLogger.debug:145]:<==      Total: 10
[2017-06-23 10:44:47][DEBUG][http-nio-8090-exec-4][org.apache.ibatis.logging.jdbc.BaseJdbcLogger.debug:145]:==>  Preparing: SELECT COUNT(*) FROM site 
[2017-06-23 10:44:47][DEBUG][http-nio-8090-exec-4][org.apache.ibatis.logging.jdbc.BaseJdbcLogger.debug:145]:==> Parameters: 
[2017-06-23 10:44:47][DEBUG][http-nio-8090-exec-4][org.apache.ibatis.logging.jdbc.BaseJdbcLogger.debug:145]:<==      Total: 1
[2017-06-23 10:44:47][DEBUG][http-nio-8090-exec-4][org.apache.ibatis.logging.jdbc.BaseJdbcLogger.debug:145]:==>  Preparing: SELECT s.*,i.* FROM site s LEFT JOIN img i ON (i.product_type='site' AND i.product_id=s.siid) ORDER BY sequence DESC LIMIT ?,? 
[2017-06-23 10:44:47][DEBUG][http-nio-8090-exec-4][org.apache.ibatis.logging.jdbc.BaseJdbcLogger.debug:145]:==> Parameters: 0(Integer), 10(Integer)
[2017-06-23 10:44:47][DEBUG][http-nio-8090-exec-4][org.apache.ibatis.logging.jdbc.BaseJdbcLogger.debug:145]:<==      Total: 10
[2017-06-23 10:44:47][ERROR][http-nio-8090-exec-9][com.party.exception.GlobalExceptionHandler.defaultExceptionHandler:64]:异常信息：
java.lang.NullPointerException: null
	at com.party.user.service.impl.UserServiceImpl.findAllUser(UserServiceImpl.java:129)
	at com.party.user.service.impl.UserServiceImpl$$FastClassBySpringCGLIB$$bbbbaa23.invoke(<generated>)
	at org.springframework.cglib.proxy.MethodProxy.invoke(MethodProxy.java:204)
	at org.springframework.aop.framework.CglibAopProxy$DynamicAdvisedInterceptor.intercept(CglibAopProxy.java:651)
	at com.party.user.service.impl.UserServiceImpl$$EnhancerBySpringCGLIB$$ee8d2ad4.findAllUser(<generated>)
	at com.party.user.controller.UserController.getAllUser(UserController.java:42)
	at sun.reflect.NativeMethodAccessorImpl.invoke0(Native Method)
	at sun.reflect.NativeMethodAccessorImpl.invoke(Unknown Source)
	at sun.reflect.DelegatingMethodAccessorImpl.invoke(Unknown Source)
	at java.lang.reflect.Method.invoke(Unknown Source)
	at org.springframework.web.method.support.InvocableHandlerMethod.doInvoke(InvocableHandlerMethod.java:221)
	at org.springframework.web.method.support.InvocableHandlerMethod.invokeForRequest(InvocableHandlerMethod.java:136)
	at org.springframework.web.servlet.mvc.method.annotation.ServletInvocableHandlerMethod.invokeAndHandle(ServletInvocableHandlerMethod.java:114)
	at org.springframework.web.servlet.mvc.method.annotation.RequestMappingHandlerAdapter.invokeHandlerMethod(RequestMappingHandlerAdapter.java:827)
	at org.springframework.web.servlet.mvc.method.annotation.RequestMappingHandlerAdapter.handleInternal(RequestMappingHandlerAdapter.java:738)
	at org.springframework.web.servlet.mvc.method.AbstractHandlerMethodAdapter.handle(AbstractHandlerMethodAdapter.java:85)
	at org.springframework.web.servlet.DispatcherServlet.doDispatch(DispatcherServlet.java:963)
	at org.springframework.web.servlet.DispatcherServlet.doService(DispatcherServlet.java:897)
	at org.springframework.web.servlet.FrameworkServlet.processRequest(FrameworkServlet.java:970)
	at org.springframework.web.servlet.FrameworkServlet.doGet(FrameworkServlet.java:861)
	at javax.servlet.http.HttpServlet.service(HttpServlet.java:622)
	at org.springframework.web.servlet.FrameworkServlet.service(FrameworkServlet.java:846)
	at javax.servlet.http.HttpServlet.service(HttpServlet.java:729)
	at org.apache.catalina.core.ApplicationFilterChain.internalDoFilter(ApplicationFilterChain.java:230)
	at org.apache.catalina.core.ApplicationFilterChain.doFilter(ApplicationFilterChain.java:165)
	at org.apache.tomcat.websocket.server.WsFilter.doFilter(WsFilter.java:52)
	at org.apache.catalina.core.ApplicationFilterChain.internalDoFilter(ApplicationFilterChain.java:192)
	at org.apache.catalina.core.ApplicationFilterChain.doFilter(ApplicationFilterChain.java:165)
	at org.springframework.security.web.FilterChainProxy$VirtualFilterChain.doFilter(FilterChainProxy.java:317)
	at org.springframework.security.web.access.intercept.FilterSecurityInterceptor.invoke(FilterSecurityInterceptor.java:127)
	at org.springframework.security.web.access.intercept.FilterSecurityInterceptor.doFilter(FilterSecurityInterceptor.java:91)
	at org.springframework.security.web.FilterChainProxy$VirtualFilterChain.doFilter(FilterChainProxy.java:331)
	at org.springframework.security.web.access.ExceptionTranslationFilter.doFilter(ExceptionTranslationFilter.java:115)
	at org.springframework.security.web.FilterChainProxy$VirtualFilterChain.doFilter(FilterChainProxy.java:331)
	at org.springframework.security.web.session.SessionManagementFilter.doFilter(SessionManagementFilter.java:137)
	at org.springframework.security.web.FilterChainProxy$VirtualFilterChain.doFilter(FilterChainProxy.java:331)
	at org.springframework.security.web.authentication.AnonymousAuthenticationFilter.doFilter(AnonymousAuthenticationFilter.java:111)
	at org.springframework.security.web.FilterChainProxy$VirtualFilterChain.doFilter(FilterChainProxy.java:331)
	at org.springframework.security.web.authentication.rememberme.RememberMeAuthenticationFilter.doFilter(RememberMeAuthenticationFilter.java:158)
	at org.springframework.security.web.FilterChainProxy$VirtualFilterChain.doFilter(FilterChainProxy.java:331)
	at org.springframework.security.web.servletapi.SecurityContextHolderAwareRequestFilter.doFilter(SecurityContextHolderAwareRequestFilter.java:169)
	at org.springframework.security.web.FilterChainProxy$VirtualFilterChain.doFilter(FilterChainProxy.java:331)
	at org.springframework.security.web.savedrequest.RequestCacheAwareFilter.doFilter(RequestCacheAwareFilter.java:63)
	at org.springframework.security.web.FilterChainProxy$VirtualFilterChain.doFilter(FilterChainProxy.java:331)
	at org.springframework.security.web.authentication.AbstractAuthenticationProcessingFilter.doFilter(AbstractAuthenticationProcessingFilter.java:200)
	at org.springframework.security.web.FilterChainProxy$VirtualFilterChain.doFilter(FilterChainProxy.java:331)
	at org.springframework.security.web.authentication.logout.LogoutFilter.doFilter(LogoutFilter.java:121)
	at org.springframework.security.web.FilterChainProxy$VirtualFilterChain.doFilter(FilterChainProxy.java:331)
	at org.springframework.security.web.header.HeaderWriterFilter.doFilterInternal(HeaderWriterFilter.java:66)
	at org.springframework.web.filter.OncePerRequestFilter.doFilter(OncePerRequestFilter.java:107)
	at org.springframework.security.web.FilterChainProxy$VirtualFilterChain.doFilter(FilterChainProxy.java:331)
	at org.springframework.security.web.context.SecurityContextPersistenceFilter.doFilter(SecurityContextPersistenceFilter.java:105)
	at org.springframework.security.web.FilterChainProxy$VirtualFilterChain.doFilter(FilterChainProxy.java:331)
	at org.springframework.security.web.context.request.async.WebAsyncManagerIntegrationFilter.doFilterInternal(WebAsyncManagerIntegrationFilter.java:56)
	at org.springframework.web.filter.OncePerRequestFilter.doFilter(OncePerRequestFilter.java:107)
	at org.springframework.security.web.FilterChainProxy$VirtualFilterChain.doFilter(FilterChainProxy.java:331)
	at org.springframework.security.web.FilterChainProxy.doFilterInternal(FilterChainProxy.java:214)
	at org.springframework.security.web.FilterChainProxy.doFilter(FilterChainProxy.java:177)
	at org.springframework.web.filter.DelegatingFilterProxy.invokeDelegate(DelegatingFilterProxy.java:346)
	at org.springframework.web.filter.DelegatingFilterProxy.doFilter(DelegatingFilterProxy.java:262)
	at org.apache.catalina.core.ApplicationFilterChain.internalDoFilter(ApplicationFilterChain.java:192)
	at org.apache.catalina.core.ApplicationFilterChain.doFilter(ApplicationFilterChain.java:165)
	at org.springframework.web.filter.RequestContextFilter.doFilterInternal(RequestContextFilter.java:99)
	at org.springframework.web.filter.OncePerRequestFilter.doFilter(OncePerRequestFilter.java:107)
	at org.apache.catalina.core.ApplicationFilterChain.internalDoFilter(ApplicationFilterChain.java:192)
	at org.apache.catalina.core.ApplicationFilterChain.doFilter(ApplicationFilterChain.java:165)
	at org.springframework.web.filter.HttpPutFormContentFilter.doFilterInternal(HttpPutFormContentFilter.java:87)
	at org.springframework.web.filter.OncePerRequestFilter.doFilter(OncePerRequestFilter.java:107)
	at org.apache.catalina.core.ApplicationFilterChain.internalDoFilter(ApplicationFilterChain.java:192)
	at org.apache.catalina.core.ApplicationFilterChain.doFilter(ApplicationFilterChain.java:165)
	at org.springframework.web.filter.HiddenHttpMethodFilter.doFilterInternal(HiddenHttpMethodFilter.java:77)
	at org.springframework.web.filter.OncePerRequestFilter.doFilter(OncePerRequestFilter.java:107)
	at org.apache.catalina.core.ApplicationFilterChain.internalDoFilter(ApplicationFilterChain.java:192)
	at org.apache.catalina.core.ApplicationFilterChain.doFilter(ApplicationFilterChain.java:165)
	at org.springframework.web.filter.CharacterEncodingFilter.doFilterInternal(CharacterEncodingFilter.java:197)
	at org.springframework.web.filter.OncePerRequestFilter.doFilter(OncePerRequestFilter.java:107)
	at org.apache.catalina.core.ApplicationFilterChain.internalDoFilter(ApplicationFilterChain.java:192)
	at org.apache.catalina.core.ApplicationFilterChain.doFilter(ApplicationFilterChain.java:165)
	at org.apache.catalina.core.StandardWrapperValve.invoke(StandardWrapperValve.java:198)
	at org.apache.catalina.core.StandardContextValve.invoke(StandardContextValve.java:108)
	at org.apache.catalina.authenticator.AuthenticatorBase.invoke(AuthenticatorBase.java:522)
	at org.apache.catalina.core.StandardHostValve.invoke(StandardHostValve.java:140)
	at org.apache.catalina.valves.ErrorReportValve.invoke(ErrorReportValve.java:79)
	at org.apache.catalina.core.StandardEngineValve.invoke(StandardEngineValve.java:87)
	at org.apache.catalina.connector.CoyoteAdapter.service(CoyoteAdapter.java:349)
	at org.apache.coyote.http11.Http11Processor.service(Http11Processor.java:1110)
	at org.apache.coyote.AbstractProcessorLight.process(AbstractProcessorLight.java:66)
	at org.apache.coyote.AbstractProtocol$ConnectionHandler.process(AbstractProtocol.java:785)
	at org.apache.tomcat.util.net.NioEndpoint$SocketProcessor.doRun(NioEndpoint.java:1425)
	at org.apache.tomcat.util.net.SocketProcessorBase.run(SocketProcessorBase.java:49)
	at java.util.concurrent.ThreadPoolExecutor.runWorker(Unknown Source)
	at java.util.concurrent.ThreadPoolExecutor$Worker.run(Unknown Source)
	at org.apache.tomcat.util.threads.TaskThread$WrappingRunnable.run(TaskThread.java:61)
	at java.lang.Thread.run(Unknown Source)
[2017-06-23 10:44:55][DEBUG][http-nio-8090-exec-7][org.apache.ibatis.logging.jdbc.BaseJdbcLogger.debug:145]:==>  Preparing: SELECT COUNT(*) FROM site 
[2017-06-23 10:44:55][DEBUG][http-nio-8090-exec-7][org.apache.ibatis.logging.jdbc.BaseJdbcLogger.debug:145]:==> Parameters: 
[2017-06-23 10:44:55][DEBUG][http-nio-8090-exec-7][org.apache.ibatis.logging.jdbc.BaseJdbcLogger.debug:145]:<==      Total: 1
[2017-06-23 10:44:55][DEBUG][http-nio-8090-exec-7][org.apache.ibatis.logging.jdbc.BaseJdbcLogger.debug:145]:==>  Preparing: SELECT s.*,i.* FROM site s LEFT JOIN img i ON (i.product_type='site' AND i.product_id=s.siid) ORDER BY sequence DESC LIMIT ?,? 
[2017-06-23 10:44:55][DEBUG][http-nio-8090-exec-7][org.apache.ibatis.logging.jdbc.BaseJdbcLogger.debug:145]:==> Parameters: 0(Integer), 10(Integer)
[2017-06-23 10:44:55][DEBUG][http-nio-8090-exec-7][org.apache.ibatis.logging.jdbc.BaseJdbcLogger.debug:145]:<==      Total: 10
[2017-06-23 10:44:55][ERROR][http-nio-8090-exec-2][com.party.exception.GlobalExceptionHandler.defaultExceptionHandler:64]:异常信息：
java.lang.NullPointerException: null
	at com.party.user.service.impl.UserServiceImpl.findAllUser(UserServiceImpl.java:129)
	at com.party.user.service.impl.UserServiceImpl$$FastClassBySpringCGLIB$$bbbbaa23.invoke(<generated>)
	at org.springframework.cglib.proxy.MethodProxy.invoke(MethodProxy.java:204)
	at org.springframework.aop.framework.CglibAopProxy$DynamicAdvisedInterceptor.intercept(CglibAopProxy.java:651)
	at com.party.user.service.impl.UserServiceImpl$$EnhancerBySpringCGLIB$$ee8d2ad4.findAllUser(<generated>)
	at com.party.user.controller.UserController.getAllUser(UserController.java:42)
	at sun.reflect.NativeMethodAccessorImpl.invoke0(Native Method)
	at sun.reflect.NativeMethodAccessorImpl.invoke(Unknown Source)
	at sun.reflect.DelegatingMethodAccessorImpl.invoke(Unknown Source)
	at java.lang.reflect.Method.invoke(Unknown Source)
	at org.springframework.web.method.support.InvocableHandlerMethod.doInvoke(InvocableHandlerMethod.java:221)
	at org.springframework.web.method.support.InvocableHandlerMethod.invokeForRequest(InvocableHandlerMethod.java:136)
	at org.springframework.web.servlet.mvc.method.annotation.ServletInvocableHandlerMethod.invokeAndHandle(ServletInvocableHandlerMethod.java:114)
	at org.springframework.web.servlet.mvc.method.annotation.RequestMappingHandlerAdapter.invokeHandlerMethod(RequestMappingHandlerAdapter.java:827)
	at org.springframework.web.servlet.mvc.method.annotation.RequestMappingHandlerAdapter.handleInternal(RequestMappingHandlerAdapter.java:738)
	at org.springframework.web.servlet.mvc.method.AbstractHandlerMethodAdapter.handle(AbstractHandlerMethodAdapter.java:85)
	at org.springframework.web.servlet.DispatcherServlet.doDispatch(DispatcherServlet.java:963)
	at org.springframework.web.servlet.DispatcherServlet.doService(DispatcherServlet.java:897)
	at org.springframework.web.servlet.FrameworkServlet.processRequest(FrameworkServlet.java:970)
	at org.springframework.web.servlet.FrameworkServlet.doGet(FrameworkServlet.java:861)
	at javax.servlet.http.HttpServlet.service(HttpServlet.java:622)
	at org.springframework.web.servlet.FrameworkServlet.service(FrameworkServlet.java:846)
	at javax.servlet.http.HttpServlet.service(HttpServlet.java:729)
	at org.apache.catalina.core.ApplicationFilterChain.internalDoFilter(ApplicationFilterChain.java:230)
	at org.apache.catalina.core.ApplicationFilterChain.doFilter(ApplicationFilterChain.java:165)
	at org.apache.tomcat.websocket.server.WsFilter.doFilter(WsFilter.java:52)
	at org.apache.catalina.core.ApplicationFilterChain.internalDoFilter(ApplicationFilterChain.java:192)
	at org.apache.catalina.core.ApplicationFilterChain.doFilter(ApplicationFilterChain.java:165)
	at org.springframework.security.web.FilterChainProxy$VirtualFilterChain.doFilter(FilterChainProxy.java:317)
	at org.springframework.security.web.access.intercept.FilterSecurityInterceptor.invoke(FilterSecurityInterceptor.java:127)
	at org.springframework.security.web.access.intercept.FilterSecurityInterceptor.doFilter(FilterSecurityInterceptor.java:91)
	at org.springframework.security.web.FilterChainProxy$VirtualFilterChain.doFilter(FilterChainProxy.java:331)
	at org.springframework.security.web.access.ExceptionTranslationFilter.doFilter(ExceptionTranslationFilter.java:115)
	at org.springframework.security.web.FilterChainProxy$VirtualFilterChain.doFilter(FilterChainProxy.java:331)
	at org.springframework.security.web.session.SessionManagementFilter.doFilter(SessionManagementFilter.java:137)
	at org.springframework.security.web.FilterChainProxy$VirtualFilterChain.doFilter(FilterChainProxy.java:331)
	at org.springframework.security.web.authentication.AnonymousAuthenticationFilter.doFilter(AnonymousAuthenticationFilter.java:111)
	at org.springframework.security.web.FilterChainProxy$VirtualFilterChain.doFilter(FilterChainProxy.java:331)
	at org.springframework.security.web.authentication.rememberme.RememberMeAuthenticationFilter.doFilter(RememberMeAuthenticationFilter.java:158)
	at org.springframework.security.web.FilterChainProxy$VirtualFilterChain.doFilter(FilterChainProxy.java:331)
	at org.springframework.security.web.servletapi.SecurityContextHolderAwareRequestFilter.doFilter(SecurityContextHolderAwareRequestFilter.java:169)
	at org.springframework.security.web.FilterChainProxy$VirtualFilterChain.doFilter(FilterChainProxy.java:331)
	at org.springframework.security.web.savedrequest.RequestCacheAwareFilter.doFilter(RequestCacheAwareFilter.java:63)
	at org.springframework.security.web.FilterChainProxy$VirtualFilterChain.doFilter(FilterChainProxy.java:331)
	at org.springframework.security.web.authentication.AbstractAuthenticationProcessingFilter.doFilter(AbstractAuthenticationProcessingFilter.java:200)
	at org.springframework.security.web.FilterChainProxy$VirtualFilterChain.doFilter(FilterChainProxy.java:331)
	at org.springframework.security.web.authentication.logout.LogoutFilter.doFilter(LogoutFilter.java:121)
	at org.springframework.security.web.FilterChainProxy$VirtualFilterChain.doFilter(FilterChainProxy.java:331)
	at org.springframework.security.web.header.HeaderWriterFilter.doFilterInternal(HeaderWriterFilter.java:66)
	at org.springframework.web.filter.OncePerRequestFilter.doFilter(OncePerRequestFilter.java:107)
	at org.springframework.security.web.FilterChainProxy$VirtualFilterChain.doFilter(FilterChainProxy.java:331)
	at org.springframework.security.web.context.SecurityContextPersistenceFilter.doFilter(SecurityContextPersistenceFilter.java:105)
	at org.springframework.security.web.FilterChainProxy$VirtualFilterChain.doFilter(FilterChainProxy.java:331)
	at org.springframework.security.web.context.request.async.WebAsyncManagerIntegrationFilter.doFilterInternal(WebAsyncManagerIntegrationFilter.java:56)
	at org.springframework.web.filter.OncePerRequestFilter.doFilter(OncePerRequestFilter.java:107)
	at org.springframework.security.web.FilterChainProxy$VirtualFilterChain.doFilter(FilterChainProxy.java:331)
	at org.springframework.security.web.FilterChainProxy.doFilterInternal(FilterChainProxy.java:214)
	at org.springframework.security.web.FilterChainProxy.doFilter(FilterChainProxy.java:177)
	at org.springframework.web.filter.DelegatingFilterProxy.invokeDelegate(DelegatingFilterProxy.java:346)
	at org.springframework.web.filter.DelegatingFilterProxy.doFilter(DelegatingFilterProxy.java:262)
	at org.apache.catalina.core.ApplicationFilterChain.internalDoFilter(ApplicationFilterChain.java:192)
	at org.apache.catalina.core.ApplicationFilterChain.doFilter(ApplicationFilterChain.java:165)
	at org.springframework.web.filter.RequestContextFilter.doFilterInternal(RequestContextFilter.java:99)
	at org.springframework.web.filter.OncePerRequestFilter.doFilter(OncePerRequestFilter.java:107)
	at org.apache.catalina.core.ApplicationFilterChain.internalDoFilter(ApplicationFilterChain.java:192)
	at org.apache.catalina.core.ApplicationFilterChain.doFilter(ApplicationFilterChain.java:165)
	at org.springframework.web.filter.HttpPutFormContentFilter.doFilterInternal(HttpPutFormContentFilter.java:87)
	at org.springframework.web.filter.OncePerRequestFilter.doFilter(OncePerRequestFilter.java:107)
	at org.apache.catalina.core.ApplicationFilterChain.internalDoFilter(ApplicationFilterChain.java:192)
	at org.apache.catalina.core.ApplicationFilterChain.doFilter(ApplicationFilterChain.java:165)
	at org.springframework.web.filter.HiddenHttpMethodFilter.doFilterInternal(HiddenHttpMethodFilter.java:77)
	at org.springframework.web.filter.OncePerRequestFilter.doFilter(OncePerRequestFilter.java:107)
	at org.apache.catalina.core.ApplicationFilterChain.internalDoFilter(ApplicationFilterChain.java:192)
	at org.apache.catalina.core.ApplicationFilterChain.doFilter(ApplicationFilterChain.java:165)
	at org.springframework.web.filter.CharacterEncodingFilter.doFilterInternal(CharacterEncodingFilter.java:197)
	at org.springframework.web.filter.OncePerRequestFilter.doFilter(OncePerRequestFilter.java:107)
	at org.apache.catalina.core.ApplicationFilterChain.internalDoFilter(ApplicationFilterChain.java:192)
	at org.apache.catalina.core.ApplicationFilterChain.doFilter(ApplicationFilterChain.java:165)
	at org.apache.catalina.core.StandardWrapperValve.invoke(StandardWrapperValve.java:198)
	at org.apache.catalina.core.StandardContextValve.invoke(StandardContextValve.java:108)
	at org.apache.catalina.authenticator.AuthenticatorBase.invoke(AuthenticatorBase.java:522)
	at org.apache.catalina.core.StandardHostValve.invoke(StandardHostValve.java:140)
	at org.apache.catalina.valves.ErrorReportValve.invoke(ErrorReportValve.java:79)
	at org.apache.catalina.core.StandardEngineValve.invoke(StandardEngineValve.java:87)
	at org.apache.catalina.connector.CoyoteAdapter.service(CoyoteAdapter.java:349)
	at org.apache.coyote.http11.Http11Processor.service(Http11Processor.java:1110)
	at org.apache.coyote.AbstractProcessorLight.process(AbstractProcessorLight.java:66)
	at org.apache.coyote.AbstractProtocol$ConnectionHandler.process(AbstractProtocol.java:785)
	at org.apache.tomcat.util.net.NioEndpoint$SocketProcessor.doRun(NioEndpoint.java:1425)
	at org.apache.tomcat.util.net.SocketProcessorBase.run(SocketProcessorBase.java:49)
	at java.util.concurrent.ThreadPoolExecutor.runWorker(Unknown Source)
	at java.util.concurrent.ThreadPoolExecutor$Worker.run(Unknown Source)
	at org.apache.tomcat.util.threads.TaskThread$WrappingRunnable.run(TaskThread.java:61)
	at java.lang.Thread.run(Unknown Source)
[2017-06-23 10:45:03][DEBUG][http-nio-8090-exec-6][org.apache.ibatis.logging.jdbc.BaseJdbcLogger.debug:145]:==>  Preparing: SELECT COUNT(*) FROM site 
[2017-06-23 10:45:03][DEBUG][http-nio-8090-exec-6][org.apache.ibatis.logging.jdbc.BaseJdbcLogger.debug:145]:==> Parameters: 
[2017-06-23 10:45:03][DEBUG][http-nio-8090-exec-6][org.apache.ibatis.logging.jdbc.BaseJdbcLogger.debug:145]:<==      Total: 1
[2017-06-23 10:45:03][DEBUG][http-nio-8090-exec-6][org.apache.ibatis.logging.jdbc.BaseJdbcLogger.debug:145]:==>  Preparing: SELECT s.*,i.* FROM site s LEFT JOIN img i ON (i.product_type='site' AND i.product_id=s.siid) ORDER BY sequence DESC LIMIT ?,? 
[2017-06-23 10:45:03][DEBUG][http-nio-8090-exec-6][org.apache.ibatis.logging.jdbc.BaseJdbcLogger.debug:145]:==> Parameters: 0(Integer), 10(Integer)
[2017-06-23 10:45:03][DEBUG][http-nio-8090-exec-6][org.apache.ibatis.logging.jdbc.BaseJdbcLogger.debug:145]:<==      Total: 10
[2017-06-23 10:45:03][ERROR][http-nio-8090-exec-4][com.party.exception.GlobalExceptionHandler.defaultExceptionHandler:64]:异常信息：
java.lang.NullPointerException: null
	at com.party.user.service.impl.UserServiceImpl.findAllUser(UserServiceImpl.java:129)
	at com.party.user.service.impl.UserServiceImpl$$FastClassBySpringCGLIB$$bbbbaa23.invoke(<generated>)
	at org.springframework.cglib.proxy.MethodProxy.invoke(MethodProxy.java:204)
	at org.springframework.aop.framework.CglibAopProxy$DynamicAdvisedInterceptor.intercept(CglibAopProxy.java:651)
	at com.party.user.service.impl.UserServiceImpl$$EnhancerBySpringCGLIB$$ee8d2ad4.findAllUser(<generated>)
	at com.party.user.controller.UserController.getAllUser(UserController.java:42)
	at sun.reflect.NativeMethodAccessorImpl.invoke0(Native Method)
	at sun.reflect.NativeMethodAccessorImpl.invoke(Unknown Source)
	at sun.reflect.DelegatingMethodAccessorImpl.invoke(Unknown Source)
	at java.lang.reflect.Method.invoke(Unknown Source)
	at org.springframework.web.method.support.InvocableHandlerMethod.doInvoke(InvocableHandlerMethod.java:221)
	at org.springframework.web.method.support.InvocableHandlerMethod.invokeForRequest(InvocableHandlerMethod.java:136)
	at org.springframework.web.servlet.mvc.method.annotation.ServletInvocableHandlerMethod.invokeAndHandle(ServletInvocableHandlerMethod.java:114)
	at org.springframework.web.servlet.mvc.method.annotation.RequestMappingHandlerAdapter.invokeHandlerMethod(RequestMappingHandlerAdapter.java:827)
	at org.springframework.web.servlet.mvc.method.annotation.RequestMappingHandlerAdapter.handleInternal(RequestMappingHandlerAdapter.java:738)
	at org.springframework.web.servlet.mvc.method.AbstractHandlerMethodAdapter.handle(AbstractHandlerMethodAdapter.java:85)
	at org.springframework.web.servlet.DispatcherServlet.doDispatch(DispatcherServlet.java:963)
	at org.springframework.web.servlet.DispatcherServlet.doService(DispatcherServlet.java:897)
	at org.springframework.web.servlet.FrameworkServlet.processRequest(FrameworkServlet.java:970)
	at org.springframework.web.servlet.FrameworkServlet.doGet(FrameworkServlet.java:861)
	at javax.servlet.http.HttpServlet.service(HttpServlet.java:622)
	at org.springframework.web.servlet.FrameworkServlet.service(FrameworkServlet.java:846)
	at javax.servlet.http.HttpServlet.service(HttpServlet.java:729)
	at org.apache.catalina.core.ApplicationFilterChain.internalDoFilter(ApplicationFilterChain.java:230)
	at org.apache.catalina.core.ApplicationFilterChain.doFilter(ApplicationFilterChain.java:165)
	at org.apache.tomcat.websocket.server.WsFilter.doFilter(WsFilter.java:52)
	at org.apache.catalina.core.ApplicationFilterChain.internalDoFilter(ApplicationFilterChain.java:192)
	at org.apache.catalina.core.ApplicationFilterChain.doFilter(ApplicationFilterChain.java:165)
	at org.springframework.security.web.FilterChainProxy$VirtualFilterChain.doFilter(FilterChainProxy.java:317)
	at org.springframework.security.web.access.intercept.FilterSecurityInterceptor.invoke(FilterSecurityInterceptor.java:127)
	at org.springframework.security.web.access.intercept.FilterSecurityInterceptor.doFilter(FilterSecurityInterceptor.java:91)
	at org.springframework.security.web.FilterChainProxy$VirtualFilterChain.doFilter(FilterChainProxy.java:331)
	at org.springframework.security.web.access.ExceptionTranslationFilter.doFilter(ExceptionTranslationFilter.java:115)
	at org.springframework.security.web.FilterChainProxy$VirtualFilterChain.doFilter(FilterChainProxy.java:331)
	at org.springframework.security.web.session.SessionManagementFilter.doFilter(SessionManagementFilter.java:137)
	at org.springframework.security.web.FilterChainProxy$VirtualFilterChain.doFilter(FilterChainProxy.java:331)
	at org.springframework.security.web.authentication.AnonymousAuthenticationFilter.doFilter(AnonymousAuthenticationFilter.java:111)
	at org.springframework.security.web.FilterChainProxy$VirtualFilterChain.doFilter(FilterChainProxy.java:331)
	at org.springframework.security.web.authentication.rememberme.RememberMeAuthenticationFilter.doFilter(RememberMeAuthenticationFilter.java:158)
	at org.springframework.security.web.FilterChainProxy$VirtualFilterChain.doFilter(FilterChainProxy.java:331)
	at org.springframework.security.web.servletapi.SecurityContextHolderAwareRequestFilter.doFilter(SecurityContextHolderAwareRequestFilter.java:169)
	at org.springframework.security.web.FilterChainProxy$VirtualFilterChain.doFilter(FilterChainProxy.java:331)
	at org.springframework.security.web.savedrequest.RequestCacheAwareFilter.doFilter(RequestCacheAwareFilter.java:63)
	at org.springframework.security.web.FilterChainProxy$VirtualFilterChain.doFilter(FilterChainProxy.java:331)
	at org.springframework.security.web.authentication.AbstractAuthenticationProcessingFilter.doFilter(AbstractAuthenticationProcessingFilter.java:200)
	at org.springframework.security.web.FilterChainProxy$VirtualFilterChain.doFilter(FilterChainProxy.java:331)
	at org.springframework.security.web.authentication.logout.LogoutFilter.doFilter(LogoutFilter.java:121)
	at org.springframework.security.web.FilterChainProxy$VirtualFilterChain.doFilter(FilterChainProxy.java:331)
	at org.springframework.security.web.header.HeaderWriterFilter.doFilterInternal(HeaderWriterFilter.java:66)
	at org.springframework.web.filter.OncePerRequestFilter.doFilter(OncePerRequestFilter.java:107)
	at org.springframework.security.web.FilterChainProxy$VirtualFilterChain.doFilter(FilterChainProxy.java:331)
	at org.springframework.security.web.context.SecurityContextPersistenceFilter.doFilter(SecurityContextPersistenceFilter.java:105)
	at org.springframework.security.web.FilterChainProxy$VirtualFilterChain.doFilter(FilterChainProxy.java:331)
	at org.springframework.security.web.context.request.async.WebAsyncManagerIntegrationFilter.doFilterInternal(WebAsyncManagerIntegrationFilter.java:56)
	at org.springframework.web.filter.OncePerRequestFilter.doFilter(OncePerRequestFilter.java:107)
	at org.springframework.security.web.FilterChainProxy$VirtualFilterChain.doFilter(FilterChainProxy.java:331)
	at org.springframework.security.web.FilterChainProxy.doFilterInternal(FilterChainProxy.java:214)
	at org.springframework.security.web.FilterChainProxy.doFilter(FilterChainProxy.java:177)
	at org.springframework.web.filter.DelegatingFilterProxy.invokeDelegate(DelegatingFilterProxy.java:346)
	at org.springframework.web.filter.DelegatingFilterProxy.doFilter(DelegatingFilterProxy.java:262)
	at org.apache.catalina.core.ApplicationFilterChain.internalDoFilter(ApplicationFilterChain.java:192)
	at org.apache.catalina.core.ApplicationFilterChain.doFilter(ApplicationFilterChain.java:165)
	at org.springframework.web.filter.RequestContextFilter.doFilterInternal(RequestContextFilter.java:99)
	at org.springframework.web.filter.OncePerRequestFilter.doFilter(OncePerRequestFilter.java:107)
	at org.apache.catalina.core.ApplicationFilterChain.internalDoFilter(ApplicationFilterChain.java:192)
	at org.apache.catalina.core.ApplicationFilterChain.doFilter(ApplicationFilterChain.java:165)
	at org.springframework.web.filter.HttpPutFormContentFilter.doFilterInternal(HttpPutFormContentFilter.java:87)
	at org.springframework.web.filter.OncePerRequestFilter.doFilter(OncePerRequestFilter.java:107)
	at org.apache.catalina.core.ApplicationFilterChain.internalDoFilter(ApplicationFilterChain.java:192)
	at org.apache.catalina.core.ApplicationFilterChain.doFilter(ApplicationFilterChain.java:165)
	at org.springframework.web.filter.HiddenHttpMethodFilter.doFilterInternal(HiddenHttpMethodFilter.java:77)
	at org.springframework.web.filter.OncePerRequestFilter.doFilter(OncePerRequestFilter.java:107)
	at org.apache.catalina.core.ApplicationFilterChain.internalDoFilter(ApplicationFilterChain.java:192)
	at org.apache.catalina.core.ApplicationFilterChain.doFilter(ApplicationFilterChain.java:165)
	at org.springframework.web.filter.CharacterEncodingFilter.doFilterInternal(CharacterEncodingFilter.java:197)
	at org.springframework.web.filter.OncePerRequestFilter.doFilter(OncePerRequestFilter.java:107)
	at org.apache.catalina.core.ApplicationFilterChain.internalDoFilter(ApplicationFilterChain.java:192)
	at org.apache.catalina.core.ApplicationFilterChain.doFilter(ApplicationFilterChain.java:165)
	at org.apache.catalina.core.StandardWrapperValve.invoke(StandardWrapperValve.java:198)
	at org.apache.catalina.core.StandardContextValve.invoke(StandardContextValve.java:108)
	at org.apache.catalina.authenticator.AuthenticatorBase.invoke(AuthenticatorBase.java:522)
	at org.apache.catalina.core.StandardHostValve.invoke(StandardHostValve.java:140)
	at org.apache.catalina.valves.ErrorReportValve.invoke(ErrorReportValve.java:79)
	at org.apache.catalina.core.StandardEngineValve.invoke(StandardEngineValve.java:87)
	at org.apache.catalina.connector.CoyoteAdapter.service(CoyoteAdapter.java:349)
	at org.apache.coyote.http11.Http11Processor.service(Http11Processor.java:1110)
	at org.apache.coyote.AbstractProcessorLight.process(AbstractProcessorLight.java:66)
	at org.apache.coyote.AbstractProtocol$ConnectionHandler.process(AbstractProtocol.java:785)
	at org.apache.tomcat.util.net.NioEndpoint$SocketProcessor.doRun(NioEndpoint.java:1425)
	at org.apache.tomcat.util.net.SocketProcessorBase.run(SocketProcessorBase.java:49)
	at java.util.concurrent.ThreadPoolExecutor.runWorker(Unknown Source)
	at java.util.concurrent.ThreadPoolExecutor$Worker.run(Unknown Source)
	at org.apache.tomcat.util.threads.TaskThread$WrappingRunnable.run(TaskThread.java:61)
	at java.lang.Thread.run(Unknown Source)
[2017-06-23 10:48:05][DEBUG][http-nio-8090-exec-6][org.apache.ibatis.logging.jdbc.BaseJdbcLogger.debug:145]:==>  Preparing: SELECT COUNT(*) FROM site 
[2017-06-23 10:48:05][DEBUG][http-nio-8090-exec-6][org.apache.ibatis.logging.jdbc.BaseJdbcLogger.debug:145]:==> Parameters: 
[2017-06-23 10:48:05][DEBUG][http-nio-8090-exec-6][org.apache.ibatis.logging.jdbc.BaseJdbcLogger.debug:145]:<==      Total: 1
[2017-06-23 10:48:05][DEBUG][http-nio-8090-exec-6][org.apache.ibatis.logging.jdbc.BaseJdbcLogger.debug:145]:==>  Preparing: SELECT s.*,i.* FROM site s LEFT JOIN img i ON (i.product_type='site' AND i.product_id=s.siid) ORDER BY sequence DESC LIMIT ?,? 
[2017-06-23 10:48:05][DEBUG][http-nio-8090-exec-6][org.apache.ibatis.logging.jdbc.BaseJdbcLogger.debug:145]:==> Parameters: 0(Integer), 10(Integer)
[2017-06-23 10:48:05][DEBUG][http-nio-8090-exec-6][org.apache.ibatis.logging.jdbc.BaseJdbcLogger.debug:145]:<==      Total: 10
[2017-06-23 10:48:57][DEBUG][http-nio-8090-exec-6][org.apache.ibatis.logging.jdbc.BaseJdbcLogger.debug:145]:==>  Preparing: SELECT COUNT(*) FROM site 
[2017-06-23 10:48:57][DEBUG][http-nio-8090-exec-6][org.apache.ibatis.logging.jdbc.BaseJdbcLogger.debug:145]:==> Parameters: 
[2017-06-23 10:48:57][DEBUG][http-nio-8090-exec-6][org.apache.ibatis.logging.jdbc.BaseJdbcLogger.debug:145]:<==      Total: 1
[2017-06-23 10:48:57][DEBUG][http-nio-8090-exec-6][org.apache.ibatis.logging.jdbc.BaseJdbcLogger.debug:145]:==>  Preparing: SELECT s.*,i.* FROM site s LEFT JOIN img i ON (i.product_type='site' AND i.product_id=s.siid) ORDER BY sequence DESC LIMIT ?,? 
[2017-06-23 10:48:57][DEBUG][http-nio-8090-exec-6][org.apache.ibatis.logging.jdbc.BaseJdbcLogger.debug:145]:==> Parameters: 0(Integer), 10(Integer)
[2017-06-23 10:48:57][DEBUG][http-nio-8090-exec-6][org.apache.ibatis.logging.jdbc.BaseJdbcLogger.debug:145]:<==      Total: 10
[2017-06-23 10:48:57][ERROR][http-nio-8090-exec-4][com.party.exception.GlobalExceptionHandler.defaultExceptionHandler:64]:异常信息：
org.springframework.web.method.annotation.MethodArgumentTypeMismatchException: Failed to convert value of type [java.lang.String] to required type [java.lang.Integer]; nested exception is java.lang.NumberFormatException: For input string: "1?pageSize=10"
	at org.springframework.web.method.annotation.AbstractNamedValueMethodArgumentResolver.resolveArgument(AbstractNamedValueMethodArgumentResolver.java:123)
	at org.springframework.web.method.support.HandlerMethodArgumentResolverComposite.resolveArgument(HandlerMethodArgumentResolverComposite.java:121)
	at org.springframework.web.method.support.InvocableHandlerMethod.getMethodArgumentValues(InvocableHandlerMethod.java:161)
	at org.springframework.web.method.support.InvocableHandlerMethod.invokeForRequest(InvocableHandlerMethod.java:128)
	at org.springframework.web.servlet.mvc.method.annotation.ServletInvocableHandlerMethod.invokeAndHandle(ServletInvocableHandlerMethod.java:114)
	at org.springframework.web.servlet.mvc.method.annotation.RequestMappingHandlerAdapter.invokeHandlerMethod(RequestMappingHandlerAdapter.java:827)
	at org.springframework.web.servlet.mvc.method.annotation.RequestMappingHandlerAdapter.handleInternal(RequestMappingHandlerAdapter.java:738)
	at org.springframework.web.servlet.mvc.method.AbstractHandlerMethodAdapter.handle(AbstractHandlerMethodAdapter.java:85)
	at org.springframework.web.servlet.DispatcherServlet.doDispatch(DispatcherServlet.java:963)
	at org.springframework.web.servlet.DispatcherServlet.doService(DispatcherServlet.java:897)
	at org.springframework.web.servlet.FrameworkServlet.processRequest(FrameworkServlet.java:970)
	at org.springframework.web.servlet.FrameworkServlet.doGet(FrameworkServlet.java:861)
	at javax.servlet.http.HttpServlet.service(HttpServlet.java:622)
	at org.springframework.web.servlet.FrameworkServlet.service(FrameworkServlet.java:846)
	at javax.servlet.http.HttpServlet.service(HttpServlet.java:729)
	at org.apache.catalina.core.ApplicationFilterChain.internalDoFilter(ApplicationFilterChain.java:230)
	at org.apache.catalina.core.ApplicationFilterChain.doFilter(ApplicationFilterChain.java:165)
	at org.apache.tomcat.websocket.server.WsFilter.doFilter(WsFilter.java:52)
	at org.apache.catalina.core.ApplicationFilterChain.internalDoFilter(ApplicationFilterChain.java:192)
	at org.apache.catalina.core.ApplicationFilterChain.doFilter(ApplicationFilterChain.java:165)
	at org.springframework.security.web.FilterChainProxy$VirtualFilterChain.doFilter(FilterChainProxy.java:317)
	at org.springframework.security.web.access.intercept.FilterSecurityInterceptor.invoke(FilterSecurityInterceptor.java:127)
	at org.springframework.security.web.access.intercept.FilterSecurityInterceptor.doFilter(FilterSecurityInterceptor.java:91)
	at org.springframework.security.web.FilterChainProxy$VirtualFilterChain.doFilter(FilterChainProxy.java:331)
	at org.springframework.security.web.access.ExceptionTranslationFilter.doFilter(ExceptionTranslationFilter.java:115)
	at org.springframework.security.web.FilterChainProxy$VirtualFilterChain.doFilter(FilterChainProxy.java:331)
	at org.springframework.security.web.session.SessionManagementFilter.doFilter(SessionManagementFilter.java:137)
	at org.springframework.security.web.FilterChainProxy$VirtualFilterChain.doFilter(FilterChainProxy.java:331)
	at org.springframework.security.web.authentication.AnonymousAuthenticationFilter.doFilter(AnonymousAuthenticationFilter.java:111)
	at org.springframework.security.web.FilterChainProxy$VirtualFilterChain.doFilter(FilterChainProxy.java:331)
	at org.springframework.security.web.authentication.rememberme.RememberMeAuthenticationFilter.doFilter(RememberMeAuthenticationFilter.java:158)
	at org.springframework.security.web.FilterChainProxy$VirtualFilterChain.doFilter(FilterChainProxy.java:331)
	at org.springframework.security.web.servletapi.SecurityContextHolderAwareRequestFilter.doFilter(SecurityContextHolderAwareRequestFilter.java:169)
	at org.springframework.security.web.FilterChainProxy$VirtualFilterChain.doFilter(FilterChainProxy.java:331)
	at org.springframework.security.web.savedrequest.RequestCacheAwareFilter.doFilter(RequestCacheAwareFilter.java:63)
	at org.springframework.security.web.FilterChainProxy$VirtualFilterChain.doFilter(FilterChainProxy.java:331)
	at org.springframework.security.web.authentication.AbstractAuthenticationProcessingFilter.doFilter(AbstractAuthenticationProcessingFilter.java:200)
	at org.springframework.security.web.FilterChainProxy$VirtualFilterChain.doFilter(FilterChainProxy.java:331)
	at org.springframework.security.web.authentication.logout.LogoutFilter.doFilter(LogoutFilter.java:121)
	at org.springframework.security.web.FilterChainProxy$VirtualFilterChain.doFilter(FilterChainProxy.java:331)
	at org.springframework.security.web.header.HeaderWriterFilter.doFilterInternal(HeaderWriterFilter.java:66)
	at org.springframework.web.filter.OncePerRequestFilter.doFilter(OncePerRequestFilter.java:107)
	at org.springframework.security.web.FilterChainProxy$VirtualFilterChain.doFilter(FilterChainProxy.java:331)
	at org.springframework.security.web.context.SecurityContextPersistenceFilter.doFilter(SecurityContextPersistenceFilter.java:105)
	at org.springframework.security.web.FilterChainProxy$VirtualFilterChain.doFilter(FilterChainProxy.java:331)
	at org.springframework.security.web.context.request.async.WebAsyncManagerIntegrationFilter.doFilterInternal(WebAsyncManagerIntegrationFilter.java:56)
	at org.springframework.web.filter.OncePerRequestFilter.doFilter(OncePerRequestFilter.java:107)
	at org.springframework.security.web.FilterChainProxy$VirtualFilterChain.doFilter(FilterChainProxy.java:331)
	at org.springframework.security.web.FilterChainProxy.doFilterInternal(FilterChainProxy.java:214)
	at org.springframework.security.web.FilterChainProxy.doFilter(FilterChainProxy.java:177)
	at org.springframework.web.filter.DelegatingFilterProxy.invokeDelegate(DelegatingFilterProxy.java:346)
	at org.springframework.web.filter.DelegatingFilterProxy.doFilter(DelegatingFilterProxy.java:262)
	at org.apache.catalina.core.ApplicationFilterChain.internalDoFilter(ApplicationFilterChain.java:192)
	at org.apache.catalina.core.ApplicationFilterChain.doFilter(ApplicationFilterChain.java:165)
	at org.springframework.web.filter.RequestContextFilter.doFilterInternal(RequestContextFilter.java:99)
	at org.springframework.web.filter.OncePerRequestFilter.doFilter(OncePerRequestFilter.java:107)
	at org.apache.catalina.core.ApplicationFilterChain.internalDoFilter(ApplicationFilterChain.java:192)
	at org.apache.catalina.core.ApplicationFilterChain.doFilter(ApplicationFilterChain.java:165)
	at org.springframework.web.filter.HttpPutFormContentFilter.doFilterInternal(HttpPutFormContentFilter.java:87)
	at org.springframework.web.filter.OncePerRequestFilter.doFilter(OncePerRequestFilter.java:107)
	at org.apache.catalina.core.ApplicationFilterChain.internalDoFilter(ApplicationFilterChain.java:192)
	at org.apache.catalina.core.ApplicationFilterChain.doFilter(ApplicationFilterChain.java:165)
	at org.springframework.web.filter.HiddenHttpMethodFilter.doFilterInternal(HiddenHttpMethodFilter.java:77)
	at org.springframework.web.filter.OncePerRequestFilter.doFilter(OncePerRequestFilter.java:107)
	at org.apache.catalina.core.ApplicationFilterChain.internalDoFilter(ApplicationFilterChain.java:192)
	at org.apache.catalina.core.ApplicationFilterChain.doFilter(ApplicationFilterChain.java:165)
	at org.springframework.web.filter.CharacterEncodingFilter.doFilterInternal(CharacterEncodingFilter.java:197)
	at org.springframework.web.filter.OncePerRequestFilter.doFilter(OncePerRequestFilter.java:107)
	at org.apache.catalina.core.ApplicationFilterChain.internalDoFilter(ApplicationFilterChain.java:192)
	at org.apache.catalina.core.ApplicationFilterChain.doFilter(ApplicationFilterChain.java:165)
	at org.apache.catalina.core.StandardWrapperValve.invoke(StandardWrapperValve.java:198)
	at org.apache.catalina.core.StandardContextValve.invoke(StandardContextValve.java:108)
	at org.apache.catalina.authenticator.AuthenticatorBase.invoke(AuthenticatorBase.java:522)
	at org.apache.catalina.core.StandardHostValve.invoke(StandardHostValve.java:140)
	at org.apache.catalina.valves.ErrorReportValve.invoke(ErrorReportValve.java:79)
	at org.apache.catalina.core.StandardEngineValve.invoke(StandardEngineValve.java:87)
	at org.apache.catalina.connector.CoyoteAdapter.service(CoyoteAdapter.java:349)
	at org.apache.coyote.http11.Http11Processor.service(Http11Processor.java:1110)
	at org.apache.coyote.AbstractProcessorLight.process(AbstractProcessorLight.java:66)
	at org.apache.coyote.AbstractProtocol$ConnectionHandler.process(AbstractProtocol.java:785)
	at org.apache.tomcat.util.net.NioEndpoint$SocketProcessor.doRun(NioEndpoint.java:1425)
	at org.apache.tomcat.util.net.SocketProcessorBase.run(SocketProcessorBase.java:49)
	at java.util.concurrent.ThreadPoolExecutor.runWorker(Unknown Source)
	at java.util.concurrent.ThreadPoolExecutor$Worker.run(Unknown Source)
	at org.apache.tomcat.util.threads.TaskThread$WrappingRunnable.run(TaskThread.java:61)
	at java.lang.Thread.run(Unknown Source)
Caused by: java.lang.NumberFormatException: For input string: "1?pageSize=10"
	at java.lang.NumberFormatException.forInputString(Unknown Source)
	at java.lang.Integer.parseInt(Unknown Source)
	at java.lang.Integer.valueOf(Unknown Source)
	at org.springframework.util.NumberUtils.parseNumber(NumberUtils.java:208)
	at org.springframework.beans.propertyeditors.CustomNumberEditor.setAsText(CustomNumberEditor.java:113)
	at org.springframework.beans.TypeConverterDelegate.doConvertTextValue(TypeConverterDelegate.java:468)
	at org.springframework.beans.TypeConverterDelegate.doConvertValue(TypeConverterDelegate.java:441)
	at org.springframework.beans.TypeConverterDelegate.convertIfNecessary(TypeConverterDelegate.java:199)
	at org.springframework.beans.TypeConverterDelegate.convertIfNecessary(TypeConverterDelegate.java:108)
	at org.springframework.beans.TypeConverterSupport.doConvert(TypeConverterSupport.java:64)
	at org.springframework.beans.TypeConverterSupport.convertIfNecessary(TypeConverterSupport.java:47)
	at org.springframework.validation.DataBinder.convertIfNecessary(DataBinder.java:688)
	at org.springframework.web.method.annotation.AbstractNamedValueMethodArgumentResolver.resolveArgument(AbstractNamedValueMethodArgumentResolver.java:115)
	... 85 common frames omitted
[2017-06-23 10:49:15][DEBUG][http-nio-8090-exec-3][org.apache.ibatis.logging.jdbc.BaseJdbcLogger.debug:145]:==>  Preparing: SELECT COUNT(*) FROM site 
[2017-06-23 10:49:15][DEBUG][http-nio-8090-exec-3][org.apache.ibatis.logging.jdbc.BaseJdbcLogger.debug:145]:==> Parameters: 
[2017-06-23 10:49:15][DEBUG][http-nio-8090-exec-3][org.apache.ibatis.logging.jdbc.BaseJdbcLogger.debug:145]:<==      Total: 1
[2017-06-23 10:49:15][DEBUG][http-nio-8090-exec-3][org.apache.ibatis.logging.jdbc.BaseJdbcLogger.debug:145]:==>  Preparing: SELECT s.*,i.* FROM site s LEFT JOIN img i ON (i.product_type='site' AND i.product_id=s.siid) ORDER BY sequence DESC LIMIT ?,? 
[2017-06-23 10:49:15][DEBUG][http-nio-8090-exec-3][org.apache.ibatis.logging.jdbc.BaseJdbcLogger.debug:145]:==> Parameters: 0(Integer), 10(Integer)
[2017-06-23 10:49:16][DEBUG][http-nio-8090-exec-3][org.apache.ibatis.logging.jdbc.BaseJdbcLogger.debug:145]:<==      Total: 10
[2017-06-23 10:49:16][ERROR][http-nio-8090-exec-7][com.party.exception.GlobalExceptionHandler.defaultExceptionHandler:64]:异常信息：
java.lang.NullPointerException: null
	at com.party.user.service.impl.UserServiceImpl.findAllUser(UserServiceImpl.java:129)
	at com.party.user.service.impl.UserServiceImpl$$FastClassBySpringCGLIB$$bbbbaa23.invoke(<generated>)
	at org.springframework.cglib.proxy.MethodProxy.invoke(MethodProxy.java:204)
	at org.springframework.aop.framework.CglibAopProxy$DynamicAdvisedInterceptor.intercept(CglibAopProxy.java:651)
	at com.party.user.service.impl.UserServiceImpl$$EnhancerBySpringCGLIB$$ee8d2ad4.findAllUser(<generated>)
	at com.party.user.controller.UserController.getAllUser(UserController.java:42)
	at sun.reflect.NativeMethodAccessorImpl.invoke0(Native Method)
	at sun.reflect.NativeMethodAccessorImpl.invoke(Unknown Source)
	at sun.reflect.DelegatingMethodAccessorImpl.invoke(Unknown Source)
	at java.lang.reflect.Method.invoke(Unknown Source)
	at org.springframework.web.method.support.InvocableHandlerMethod.doInvoke(InvocableHandlerMethod.java:221)
	at org.springframework.web.method.support.InvocableHandlerMethod.invokeForRequest(InvocableHandlerMethod.java:136)
	at org.springframework.web.servlet.mvc.method.annotation.ServletInvocableHandlerMethod.invokeAndHandle(ServletInvocableHandlerMethod.java:114)
	at org.springframework.web.servlet.mvc.method.annotation.RequestMappingHandlerAdapter.invokeHandlerMethod(RequestMappingHandlerAdapter.java:827)
	at org.springframework.web.servlet.mvc.method.annotation.RequestMappingHandlerAdapter.handleInternal(RequestMappingHandlerAdapter.java:738)
	at org.springframework.web.servlet.mvc.method.AbstractHandlerMethodAdapter.handle(AbstractHandlerMethodAdapter.java:85)
	at org.springframework.web.servlet.DispatcherServlet.doDispatch(DispatcherServlet.java:963)
	at org.springframework.web.servlet.DispatcherServlet.doService(DispatcherServlet.java:897)
	at org.springframework.web.servlet.FrameworkServlet.processRequest(FrameworkServlet.java:970)
	at org.springframework.web.servlet.FrameworkServlet.doGet(FrameworkServlet.java:861)
	at javax.servlet.http.HttpServlet.service(HttpServlet.java:622)
	at org.springframework.web.servlet.FrameworkServlet.service(FrameworkServlet.java:846)
	at javax.servlet.http.HttpServlet.service(HttpServlet.java:729)
	at org.apache.catalina.core.ApplicationFilterChain.internalDoFilter(ApplicationFilterChain.java:230)
	at org.apache.catalina.core.ApplicationFilterChain.doFilter(ApplicationFilterChain.java:165)
	at org.apache.tomcat.websocket.server.WsFilter.doFilter(WsFilter.java:52)
	at org.apache.catalina.core.ApplicationFilterChain.internalDoFilter(ApplicationFilterChain.java:192)
	at org.apache.catalina.core.ApplicationFilterChain.doFilter(ApplicationFilterChain.java:165)
	at org.springframework.security.web.FilterChainProxy$VirtualFilterChain.doFilter(FilterChainProxy.java:317)
	at org.springframework.security.web.access.intercept.FilterSecurityInterceptor.invoke(FilterSecurityInterceptor.java:127)
	at org.springframework.security.web.access.intercept.FilterSecurityInterceptor.doFilter(FilterSecurityInterceptor.java:91)
	at org.springframework.security.web.FilterChainProxy$VirtualFilterChain.doFilter(FilterChainProxy.java:331)
	at org.springframework.security.web.access.ExceptionTranslationFilter.doFilter(ExceptionTranslationFilter.java:115)
	at org.springframework.security.web.FilterChainProxy$VirtualFilterChain.doFilter(FilterChainProxy.java:331)
	at org.springframework.security.web.session.SessionManagementFilter.doFilter(SessionManagementFilter.java:137)
	at org.springframework.security.web.FilterChainProxy$VirtualFilterChain.doFilter(FilterChainProxy.java:331)
	at org.springframework.security.web.authentication.AnonymousAuthenticationFilter.doFilter(AnonymousAuthenticationFilter.java:111)
	at org.springframework.security.web.FilterChainProxy$VirtualFilterChain.doFilter(FilterChainProxy.java:331)
	at org.springframework.security.web.authentication.rememberme.RememberMeAuthenticationFilter.doFilter(RememberMeAuthenticationFilter.java:158)
	at org.springframework.security.web.FilterChainProxy$VirtualFilterChain.doFilter(FilterChainProxy.java:331)
	at org.springframework.security.web.servletapi.SecurityContextHolderAwareRequestFilter.doFilter(SecurityContextHolderAwareRequestFilter.java:169)
	at org.springframework.security.web.FilterChainProxy$VirtualFilterChain.doFilter(FilterChainProxy.java:331)
	at org.springframework.security.web.savedrequest.RequestCacheAwareFilter.doFilter(RequestCacheAwareFilter.java:63)
	at org.springframework.security.web.FilterChainProxy$VirtualFilterChain.doFilter(FilterChainProxy.java:331)
	at org.springframework.security.web.authentication.AbstractAuthenticationProcessingFilter.doFilter(AbstractAuthenticationProcessingFilter.java:200)
	at org.springframework.security.web.FilterChainProxy$VirtualFilterChain.doFilter(FilterChainProxy.java:331)
	at org.springframework.security.web.authentication.logout.LogoutFilter.doFilter(LogoutFilter.java:121)
	at org.springframework.security.web.FilterChainProxy$VirtualFilterChain.doFilter(FilterChainProxy.java:331)
	at org.springframework.security.web.header.HeaderWriterFilter.doFilterInternal(HeaderWriterFilter.java:66)
	at org.springframework.web.filter.OncePerRequestFilter.doFilter(OncePerRequestFilter.java:107)
	at org.springframework.security.web.FilterChainProxy$VirtualFilterChain.doFilter(FilterChainProxy.java:331)
	at org.springframework.security.web.context.SecurityContextPersistenceFilter.doFilter(SecurityContextPersistenceFilter.java:105)
	at org.springframework.security.web.FilterChainProxy$VirtualFilterChain.doFilter(FilterChainProxy.java:331)
	at org.springframework.security.web.context.request.async.WebAsyncManagerIntegrationFilter.doFilterInternal(WebAsyncManagerIntegrationFilter.java:56)
	at org.springframework.web.filter.OncePerRequestFilter.doFilter(OncePerRequestFilter.java:107)
	at org.springframework.security.web.FilterChainProxy$VirtualFilterChain.doFilter(FilterChainProxy.java:331)
	at org.springframework.security.web.FilterChainProxy.doFilterInternal(FilterChainProxy.java:214)
	at org.springframework.security.web.FilterChainProxy.doFilter(FilterChainProxy.java:177)
	at org.springframework.web.filter.DelegatingFilterProxy.invokeDelegate(DelegatingFilterProxy.java:346)
	at org.springframework.web.filter.DelegatingFilterProxy.doFilter(DelegatingFilterProxy.java:262)
	at org.apache.catalina.core.ApplicationFilterChain.internalDoFilter(ApplicationFilterChain.java:192)
	at org.apache.catalina.core.ApplicationFilterChain.doFilter(ApplicationFilterChain.java:165)
	at org.springframework.web.filter.RequestContextFilter.doFilterInternal(RequestContextFilter.java:99)
	at org.springframework.web.filter.OncePerRequestFilter.doFilter(OncePerRequestFilter.java:107)
	at org.apache.catalina.core.ApplicationFilterChain.internalDoFilter(ApplicationFilterChain.java:192)
	at org.apache.catalina.core.ApplicationFilterChain.doFilter(ApplicationFilterChain.java:165)
	at org.springframework.web.filter.HttpPutFormContentFilter.doFilterInternal(HttpPutFormContentFilter.java:87)
	at org.springframework.web.filter.OncePerRequestFilter.doFilter(OncePerRequestFilter.java:107)
	at org.apache.catalina.core.ApplicationFilterChain.internalDoFilter(ApplicationFilterChain.java:192)
	at org.apache.catalina.core.ApplicationFilterChain.doFilter(ApplicationFilterChain.java:165)
	at org.springframework.web.filter.HiddenHttpMethodFilter.doFilterInternal(HiddenHttpMethodFilter.java:77)
	at org.springframework.web.filter.OncePerRequestFilter.doFilter(OncePerRequestFilter.java:107)
	at org.apache.catalina.core.ApplicationFilterChain.internalDoFilter(ApplicationFilterChain.java:192)
	at org.apache.catalina.core.ApplicationFilterChain.doFilter(ApplicationFilterChain.java:165)
	at org.springframework.web.filter.CharacterEncodingFilter.doFilterInternal(CharacterEncodingFilter.java:197)
	at org.springframework.web.filter.OncePerRequestFilter.doFilter(OncePerRequestFilter.java:107)
	at org.apache.catalina.core.ApplicationFilterChain.internalDoFilter(ApplicationFilterChain.java:192)
	at org.apache.catalina.core.ApplicationFilterChain.doFilter(ApplicationFilterChain.java:165)
	at org.apache.catalina.core.StandardWrapperValve.invoke(StandardWrapperValve.java:198)
	at org.apache.catalina.core.StandardContextValve.invoke(StandardContextValve.java:108)
	at org.apache.catalina.authenticator.AuthenticatorBase.invoke(AuthenticatorBase.java:522)
	at org.apache.catalina.core.StandardHostValve.invoke(StandardHostValve.java:140)
	at org.apache.catalina.valves.ErrorReportValve.invoke(ErrorReportValve.java:79)
	at org.apache.catalina.core.StandardEngineValve.invoke(StandardEngineValve.java:87)
	at org.apache.catalina.connector.CoyoteAdapter.service(CoyoteAdapter.java:349)
	at org.apache.coyote.http11.Http11Processor.service(Http11Processor.java:1110)
	at org.apache.coyote.AbstractProcessorLight.process(AbstractProcessorLight.java:66)
	at org.apache.coyote.AbstractProtocol$ConnectionHandler.process(AbstractProtocol.java:785)
	at org.apache.tomcat.util.net.NioEndpoint$SocketProcessor.doRun(NioEndpoint.java:1425)
	at org.apache.tomcat.util.net.SocketProcessorBase.run(SocketProcessorBase.java:49)
	at java.util.concurrent.ThreadPoolExecutor.runWorker(Unknown Source)
	at java.util.concurrent.ThreadPoolExecutor$Worker.run(Unknown Source)
	at org.apache.tomcat.util.threads.TaskThread$WrappingRunnable.run(TaskThread.java:61)
	at java.lang.Thread.run(Unknown Source)
[2017-06-23 10:53:32][DEBUG][http-nio-8090-exec-7][org.apache.ibatis.logging.jdbc.BaseJdbcLogger.debug:145]:==>  Preparing: SELECT COUNT(*) FROM site 
[2017-06-23 10:53:32][DEBUG][http-nio-8090-exec-7][org.apache.ibatis.logging.jdbc.BaseJdbcLogger.debug:145]:==> Parameters: 
[2017-06-23 10:53:32][DEBUG][http-nio-8090-exec-7][org.apache.ibatis.logging.jdbc.BaseJdbcLogger.debug:145]:<==      Total: 1
[2017-06-23 10:53:32][DEBUG][http-nio-8090-exec-7][org.apache.ibatis.logging.jdbc.BaseJdbcLogger.debug:145]:==>  Preparing: SELECT s.*,i.* FROM site s LEFT JOIN img i ON (i.product_type='site' AND i.product_id=s.siid) ORDER BY sequence DESC LIMIT ?,? 
[2017-06-23 10:53:32][DEBUG][http-nio-8090-exec-7][org.apache.ibatis.logging.jdbc.BaseJdbcLogger.debug:145]:==> Parameters: 0(Integer), 10(Integer)
[2017-06-23 10:53:32][DEBUG][http-nio-8090-exec-7][org.apache.ibatis.logging.jdbc.BaseJdbcLogger.debug:145]:<==      Total: 10
[2017-06-23 10:53:32][DEBUG][http-nio-8090-exec-8][org.apache.ibatis.logging.jdbc.BaseJdbcLogger.debug:145]:==>  Preparing: select * from user limit ?,? 
[2017-06-23 10:53:32][DEBUG][http-nio-8090-exec-8][org.apache.ibatis.logging.jdbc.BaseJdbcLogger.debug:145]:==> Parameters: 0(Integer), 10(Integer)
[2017-06-23 10:53:32][DEBUG][http-nio-8090-exec-8][org.apache.ibatis.logging.jdbc.BaseJdbcLogger.debug:145]:<==      Total: 5
[2017-06-23 10:54:07][DEBUG][http-nio-8090-exec-9][org.apache.ibatis.logging.jdbc.BaseJdbcLogger.debug:145]:==>  Preparing: SELECT COUNT(*) FROM site 
[2017-06-23 10:54:07][DEBUG][http-nio-8090-exec-9][org.apache.ibatis.logging.jdbc.BaseJdbcLogger.debug:145]:==> Parameters: 
[2017-06-23 10:54:07][DEBUG][http-nio-8090-exec-9][org.apache.ibatis.logging.jdbc.BaseJdbcLogger.debug:145]:<==      Total: 1
[2017-06-23 10:54:07][DEBUG][http-nio-8090-exec-9][org.apache.ibatis.logging.jdbc.BaseJdbcLogger.debug:145]:==>  Preparing: SELECT s.*,i.* FROM site s LEFT JOIN img i ON (i.product_type='site' AND i.product_id=s.siid) ORDER BY sequence DESC LIMIT ?,? 
[2017-06-23 10:54:07][DEBUG][http-nio-8090-exec-9][org.apache.ibatis.logging.jdbc.BaseJdbcLogger.debug:145]:==> Parameters: 0(Integer), 10(Integer)
[2017-06-23 10:54:07][DEBUG][http-nio-8090-exec-9][org.apache.ibatis.logging.jdbc.BaseJdbcLogger.debug:145]:<==      Total: 10
[2017-06-23 10:54:07][DEBUG][http-nio-8090-exec-3][org.apache.ibatis.logging.jdbc.BaseJdbcLogger.debug:145]:==>  Preparing: select * from user limit ?,? 
[2017-06-23 10:54:07][DEBUG][http-nio-8090-exec-3][org.apache.ibatis.logging.jdbc.BaseJdbcLogger.debug:145]:==> Parameters: 0(Integer), 10(Integer)
[2017-06-23 10:54:07][DEBUG][http-nio-8090-exec-3][org.apache.ibatis.logging.jdbc.BaseJdbcLogger.debug:145]:<==      Total: 5
[2017-06-23 10:54:17][DEBUG][http-nio-8090-exec-1][org.apache.ibatis.logging.jdbc.BaseJdbcLogger.debug:145]:==>  Preparing: select * from user limit ?,? 
[2017-06-23 10:54:17][DEBUG][http-nio-8090-exec-1][org.apache.ibatis.logging.jdbc.BaseJdbcLogger.debug:145]:==> Parameters: 0(Integer), 10(Integer)
[2017-06-23 10:54:17][DEBUG][http-nio-8090-exec-1][org.apache.ibatis.logging.jdbc.BaseJdbcLogger.debug:145]:<==      Total: 5
[2017-06-23 10:54:17][DEBUG][http-nio-8090-exec-8][org.apache.ibatis.logging.jdbc.BaseJdbcLogger.debug:145]:==>  Preparing: select * from user limit ?,? 
[2017-06-23 10:54:17][DEBUG][http-nio-8090-exec-8][org.apache.ibatis.logging.jdbc.BaseJdbcLogger.debug:145]:==> Parameters: 0(Integer), 10(Integer)
[2017-06-23 10:54:17][DEBUG][http-nio-8090-exec-8][org.apache.ibatis.logging.jdbc.BaseJdbcLogger.debug:145]:<==      Total: 5
[2017-06-23 10:55:14][DEBUG][http-nio-8090-exec-3][org.apache.ibatis.logging.jdbc.BaseJdbcLogger.debug:145]:==>  Preparing: select * from user limit ?,? 
[2017-06-23 10:55:14][DEBUG][http-nio-8090-exec-3][org.apache.ibatis.logging.jdbc.BaseJdbcLogger.debug:145]:==> Parameters: 0(Integer), 10(Integer)
[2017-06-23 10:55:14][DEBUG][http-nio-8090-exec-3][org.apache.ibatis.logging.jdbc.BaseJdbcLogger.debug:145]:<==      Total: 5
[2017-06-23 11:00:17][DEBUG][http-nio-8090-exec-10][org.apache.ibatis.logging.jdbc.BaseJdbcLogger.debug:145]:==>  Preparing: select * from user limit ?,? 
[2017-06-23 11:00:17][DEBUG][http-nio-8090-exec-10][org.apache.ibatis.logging.jdbc.BaseJdbcLogger.debug:145]:==> Parameters: 0(Integer), 10(Integer)
[2017-06-23 11:00:17][DEBUG][http-nio-8090-exec-10][org.apache.ibatis.logging.jdbc.BaseJdbcLogger.debug:145]:<==      Total: 5
